Determining if the pthread_create exist failed with the following output:
Change Dir: /home/sqg/github_projects/optimization_for_SLAM/ceres_demo/ceres_custombundle/cmake-build-debug/CMakeFiles/CMakeTmp

Run Build Command:"/usr/bin/make" "cmTC_ca27f/fast"
/usr/bin/make -f CMakeFiles/cmTC_ca27f.dir/build.make CMakeFiles/cmTC_ca27f.dir/build
make[1]: Entering directory '/home/sqg/github_projects/optimization_for_SLAM/ceres_demo/ceres_custombundle/cmake-build-debug/CMakeFiles/CMakeTmp'
Building C object CMakeFiles/cmTC_ca27f.dir/CheckSymbolExists.c.o
/usr/bin/cc    -o CMakeFiles/cmTC_ca27f.dir/CheckSymbolExists.c.o   -c /home/sqg/github_projects/optimization_for_SLAM/ceres_demo/ceres_custombundle/cmake-build-debug/CMakeFiles/CMakeTmp/CheckSymbolExists.c
Linking C executable cmTC_ca27f
/home/sqg/下载/clion-2018.3.4/bin/cmake/linux/bin/cmake -E cmake_link_script CMakeFiles/cmTC_ca27f.dir/link.txt --verbose=1
/usr/bin/cc      -rdynamic CMakeFiles/cmTC_ca27f.dir/CheckSymbolExists.c.o  -o cmTC_ca27f 
CMakeFiles/cmTC_ca27f.dir/CheckSymbolExists.c.o：在函数‘main’中：
CheckSymbolExists.c:(.text+0x16)：对‘pthread_create’未定义的引用
collect2: error: ld returned 1 exit status
CMakeFiles/cmTC_ca27f.dir/build.make:86: recipe for target 'cmTC_ca27f' failed
make[1]: *** [cmTC_ca27f] Error 1
make[1]: Leaving directory '/home/sqg/github_projects/optimization_for_SLAM/ceres_demo/ceres_custombundle/cmake-build-debug/CMakeFiles/CMakeTmp'
Makefile:121: recipe for target 'cmTC_ca27f/fast' failed
make: *** [cmTC_ca27f/fast] Error 2

File /home/sqg/github_projects/optimization_for_SLAM/ceres_demo/ceres_custombundle/cmake-build-debug/CMakeFiles/CMakeTmp/CheckSymbolExists.c:
/* */
#include <pthread.h>

int main(int argc, char** argv)
{
  (void)argv;
#ifndef pthread_create
  return ((int*)(&pthread_create))[argc];
#else
  (void)argc;
  return 0;
#endif
}

Determining if the function pthread_create exists in the pthreads failed with the following output:
Change Dir: /home/sqg/github_projects/optimization_for_SLAM/ceres_demo/ceres_custombundle/cmake-build-debug/CMakeFiles/CMakeTmp

Run Build Command:"/usr/bin/make" "cmTC_dace9/fast"
/usr/bin/make -f CMakeFiles/cmTC_dace9.dir/build.make CMakeFiles/cmTC_dace9.dir/build
make[1]: Entering directory '/home/sqg/github_projects/optimization_for_SLAM/ceres_demo/ceres_custombundle/cmake-build-debug/CMakeFiles/CMakeTmp'
Building C object CMakeFiles/cmTC_dace9.dir/CheckFunctionExists.c.o
/usr/bin/cc   -DCHECK_FUNCTION_EXISTS=pthread_create   -o CMakeFiles/cmTC_dace9.dir/CheckFunctionExists.c.o   -c /home/sqg/下载/clion-2018.3.4/bin/cmake/linux/share/cmake-3.13/Modules/CheckFunctionExists.c
Linking C executable cmTC_dace9
/home/sqg/下载/clion-2018.3.4/bin/cmake/linux/bin/cmake -E cmake_link_script CMakeFiles/cmTC_dace9.dir/link.txt --verbose=1
/usr/bin/cc  -DCHECK_FUNCTION_EXISTS=pthread_create    -rdynamic CMakeFiles/cmTC_dace9.dir/CheckFunctionExists.c.o  -o cmTC_dace9 -lpthreads 
/usr/bin/ld: 找不到 -lpthreads
collect2: error: ld returned 1 exit status
CMakeFiles/cmTC_dace9.dir/build.make:86: recipe for target 'cmTC_dace9' failed
make[1]: *** [cmTC_dace9] Error 1
make[1]: Leaving directory '/home/sqg/github_projects/optimization_for_SLAM/ceres_demo/ceres_custombundle/cmake-build-debug/CMakeFiles/CMakeTmp'
Makefile:121: recipe for target 'cmTC_dace9/fast' failed
make: *** [cmTC_dace9/fast] Error 2


